[2025-05-19T20:25:57.126+0000] {local_task_job_runner.py:120} INFO - ::group::Pre task execution logs
[2025-05-19T20:25:57.153+0000] {taskinstance.py:2076} INFO - Dependencies all met for dep_context=non-requeueable deps ti=<TaskInstance: referential_integrity_check.run_check referential_integrity_check__2025-05-19T20:25:11.918449 [queued]>
[2025-05-19T20:25:57.166+0000] {taskinstance.py:2076} INFO - Dependencies all met for dep_context=requeueable deps ti=<TaskInstance: referential_integrity_check.run_check referential_integrity_check__2025-05-19T20:25:11.918449 [queued]>
[2025-05-19T20:25:57.167+0000] {taskinstance.py:2306} INFO - Starting attempt 1 of 1
[2025-05-19T20:25:57.184+0000] {taskinstance.py:2330} INFO - Executing <Task(PythonOperator): run_check> on 2025-05-19 20:25:12.109896+00:00
[2025-05-19T20:25:57.189+0000] {warnings.py:112} WARNING - /home/***/.local/lib/python3.12/site-packages/***/task/task_runner/standard_task_runner.py:62: DeprecationWarning: This process (pid=52) is multi-threaded, use of fork() may lead to deadlocks in the child.
  pid = os.fork()

[2025-05-19T20:25:57.191+0000] {standard_task_runner.py:64} INFO - Started process 53 to run task
[2025-05-19T20:25:57.191+0000] {standard_task_runner.py:90} INFO - Running: ['***', 'tasks', 'run', 'referential_integrity_check', 'run_check', 'referential_integrity_check__2025-05-19T20:25:11.918449', '--job-id', '7', '--raw', '--subdir', 'DAGS_FOLDER/referential_integrity_check.py', '--cfg-path', '/tmp/tmp8n4q1y84']
[2025-05-19T20:25:57.191+0000] {standard_task_runner.py:91} INFO - Job 7: Subtask run_check
[2025-05-19T20:25:57.236+0000] {task_command.py:426} INFO - Running <TaskInstance: referential_integrity_check.run_check referential_integrity_check__2025-05-19T20:25:11.918449 [running]> on host 317549188b44
[2025-05-19T20:25:57.317+0000] {taskinstance.py:2648} INFO - Exporting env vars: AIRFLOW_CTX_DAG_OWNER='***' AIRFLOW_CTX_DAG_ID='referential_integrity_check' AIRFLOW_CTX_TASK_ID='run_check' AIRFLOW_CTX_EXECUTION_DATE='2025-05-19T20:25:12.109896+00:00' AIRFLOW_CTX_TRY_NUMBER='1' AIRFLOW_CTX_DAG_RUN_ID='referential_integrity_check__2025-05-19T20:25:11.918449'
[2025-05-19T20:25:57.318+0000] {taskinstance.py:430} INFO - ::endgroup::
[2025-05-19T20:25:57.407+0000] {taskinstance.py:441} INFO - ::group::Post task execution logs
[2025-05-19T20:25:57.408+0000] {taskinstance.py:2905} ERROR - Task failed with exception
Traceback (most recent call last):
  File "/home/airflow/.local/lib/python3.12/site-packages/sqlalchemy/engine/base.py", line 1910, in _execute_context
    self.dialect.do_execute(
  File "/home/airflow/.local/lib/python3.12/site-packages/sqlalchemy/engine/default.py", line 736, in do_execute
    cursor.execute(statement, parameters)
psycopg2.errors.UndefinedTable: ОШИБКА:  отношение "practic.cash_flow_fact_ins_contract" не существует
LINE 3:         FROM Practic.cash_flow_fact_ins_contract
                     ^


The above exception was the direct cause of the following exception:

Traceback (most recent call last):
  File "/home/airflow/.local/lib/python3.12/site-packages/airflow/models/taskinstance.py", line 465, in _execute_task
    result = _execute_callable(context=context, **execute_callable_kwargs)
             ^^^^^^^^^^^^^^^^^^^^^^^^^^^^^^^^^^^^^^^^^^^^^^^^^^^^^^^^^^^^^
  File "/home/airflow/.local/lib/python3.12/site-packages/airflow/models/taskinstance.py", line 432, in _execute_callable
    return execute_callable(context=context, **execute_callable_kwargs)
           ^^^^^^^^^^^^^^^^^^^^^^^^^^^^^^^^^^^^^^^^^^^^^^^^^^^^^^^^^^^^
  File "/home/airflow/.local/lib/python3.12/site-packages/airflow/models/baseoperator.py", line 401, in wrapper
    return func(self, *args, **kwargs)
           ^^^^^^^^^^^^^^^^^^^^^^^^^^^
  File "/home/airflow/.local/lib/python3.12/site-packages/airflow/operators/python.py", line 235, in execute
    return_value = self.execute_callable()
                   ^^^^^^^^^^^^^^^^^^^^^^^
  File "/home/airflow/.local/lib/python3.12/site-packages/airflow/operators/python.py", line 252, in execute_callable
    return self.python_callable(*self.op_args, **self.op_kwargs)
           ^^^^^^^^^^^^^^^^^^^^^^^^^^^^^^^^^^^^^^^^^^^^^^^^^^^^^
  File "/opt/airflow/dags/referential_integrity_check.py", line 74, in run_check_and_save_to_db
    raise e
  File "/opt/airflow/dags/referential_integrity_check.py", line 40, in run_check_and_save_to_db
    rows = conn.execute(text(sql)).fetchall()
           ^^^^^^^^^^^^^^^^^^^^^^^
  File "/home/airflow/.local/lib/python3.12/site-packages/sqlalchemy/engine/base.py", line 1385, in execute
    return meth(self, multiparams, params, _EMPTY_EXECUTION_OPTS)
           ^^^^^^^^^^^^^^^^^^^^^^^^^^^^^^^^^^^^^^^^^^^^^^^^^^^^^^
  File "/home/airflow/.local/lib/python3.12/site-packages/sqlalchemy/sql/elements.py", line 334, in _execute_on_connection
    return connection._execute_clauseelement(
           ^^^^^^^^^^^^^^^^^^^^^^^^^^^^^^^^^^
  File "/home/airflow/.local/lib/python3.12/site-packages/sqlalchemy/engine/base.py", line 1577, in _execute_clauseelement
    ret = self._execute_context(
          ^^^^^^^^^^^^^^^^^^^^^^
  File "/home/airflow/.local/lib/python3.12/site-packages/sqlalchemy/engine/base.py", line 1953, in _execute_context
    self._handle_dbapi_exception(
  File "/home/airflow/.local/lib/python3.12/site-packages/sqlalchemy/engine/base.py", line 2134, in _handle_dbapi_exception
    util.raise_(
  File "/home/airflow/.local/lib/python3.12/site-packages/sqlalchemy/util/compat.py", line 211, in raise_
    raise exception
  File "/home/airflow/.local/lib/python3.12/site-packages/sqlalchemy/engine/base.py", line 1910, in _execute_context
    self.dialect.do_execute(
  File "/home/airflow/.local/lib/python3.12/site-packages/sqlalchemy/engine/default.py", line 736, in do_execute
    cursor.execute(statement, parameters)
sqlalchemy.exc.ProgrammingError: (psycopg2.errors.UndefinedTable) ОШИБКА:  отношение "practic.cash_flow_fact_ins_contract" не существует
LINE 3:         FROM Practic.cash_flow_fact_ins_contract
                     ^

[SQL: 
        SELECT *, 'Practic.cash_flow_fact_ins_contract' AS table_name
        FROM Practic.cash_flow_fact_ins_contract
        WHERE insurance_contract_id IS NOT NULL
        AND insurance_contract_id NOT IN (
            SELECT insurance_contract_id
            FROM Practic.cash_flow_fact_ins_risk
        );
    ]
(Background on this error at: https://sqlalche.me/e/14/f405)
[2025-05-19T20:25:57.422+0000] {taskinstance.py:1206} INFO - Marking task as FAILED. dag_id=referential_integrity_check, task_id=run_check, run_id=referential_integrity_check__2025-05-19T20:25:11.918449, execution_date=20250519T202512, start_date=20250519T202557, end_date=20250519T202557
[2025-05-19T20:25:57.436+0000] {standard_task_runner.py:110} ERROR - Failed to execute job 7 for task run_check ((psycopg2.errors.UndefinedTable) ОШИБКА:  отношение "practic.cash_flow_fact_ins_contract" не существует
LINE 3:         FROM Practic.cash_flow_fact_ins_contract
                     ^

[SQL: 
        SELECT *, 'Practic.cash_flow_fact_ins_contract' AS table_name
        FROM Practic.cash_flow_fact_ins_contract
        WHERE insurance_contract_id IS NOT NULL
        AND insurance_contract_id NOT IN (
            SELECT insurance_contract_id
            FROM Practic.cash_flow_fact_ins_risk
        );
    ]
(Background on this error at: https://sqlalche.me/e/14/f405); 53)
[2025-05-19T20:25:57.444+0000] {local_task_job_runner.py:243} INFO - Task exited with return code 1
[2025-05-19T20:25:57.457+0000] {taskinstance.py:3503} INFO - 0 downstream tasks scheduled from follow-on schedule check
[2025-05-19T20:25:57.462+0000] {local_task_job_runner.py:222} INFO - ::endgroup::
