[2025-05-19T21:33:16.957+0000] {local_task_job_runner.py:120} INFO - ::group::Pre task execution logs
[2025-05-19T21:33:16.978+0000] {taskinstance.py:2076} INFO - Dependencies all met for dep_context=non-requeueable deps ti=<TaskInstance: referential_integrity_check.run_check referential_integrity_check__2025-05-19T21:33:14.768957 [queued]>
[2025-05-19T21:33:16.985+0000] {taskinstance.py:2076} INFO - Dependencies all met for dep_context=requeueable deps ti=<TaskInstance: referential_integrity_check.run_check referential_integrity_check__2025-05-19T21:33:14.768957 [queued]>
[2025-05-19T21:33:16.985+0000] {taskinstance.py:2306} INFO - Starting attempt 1 of 1
[2025-05-19T21:33:17.002+0000] {taskinstance.py:2330} INFO - Executing <Task(PythonOperator): run_check> on 2025-05-19 21:33:14.967778+00:00
[2025-05-19T21:33:17.006+0000] {warnings.py:112} WARNING - /home/***/.local/lib/python3.12/site-packages/***/task/task_runner/standard_task_runner.py:62: DeprecationWarning: This process (pid=52) is multi-threaded, use of fork() may lead to deadlocks in the child.
  pid = os.fork()

[2025-05-19T21:33:17.007+0000] {standard_task_runner.py:64} INFO - Started process 53 to run task
[2025-05-19T21:33:17.007+0000] {standard_task_runner.py:90} INFO - Running: ['***', 'tasks', 'run', 'referential_integrity_check', 'run_check', 'referential_integrity_check__2025-05-19T21:33:14.768957', '--job-id', '22', '--raw', '--subdir', 'DAGS_FOLDER/referential_integrity_check.py', '--cfg-path', '/tmp/tmplqekqtnx']
[2025-05-19T21:33:17.008+0000] {standard_task_runner.py:91} INFO - Job 22: Subtask run_check
[2025-05-19T21:33:17.051+0000] {task_command.py:426} INFO - Running <TaskInstance: referential_integrity_check.run_check referential_integrity_check__2025-05-19T21:33:14.768957 [running]> on host 8753e3bbc301
[2025-05-19T21:33:17.135+0000] {taskinstance.py:2648} INFO - Exporting env vars: AIRFLOW_CTX_DAG_OWNER='***' AIRFLOW_CTX_DAG_ID='referential_integrity_check' AIRFLOW_CTX_TASK_ID='run_check' AIRFLOW_CTX_EXECUTION_DATE='2025-05-19T21:33:14.967778+00:00' AIRFLOW_CTX_TRY_NUMBER='1' AIRFLOW_CTX_DAG_RUN_ID='referential_integrity_check__2025-05-19T21:33:14.768957'
[2025-05-19T21:33:17.136+0000] {taskinstance.py:430} INFO - ::endgroup::
[2025-05-19T21:33:17.219+0000] {referential_integrity_check.py:90} ERROR - Ошибка в DAG:
Traceback (most recent call last):
  File "/home/airflow/.local/lib/python3.12/site-packages/sqlalchemy/engine/base.py", line 1910, in _execute_context
    self.dialect.do_execute(
  File "/home/airflow/.local/lib/python3.12/site-packages/sqlalchemy/engine/default.py", line 736, in do_execute
    cursor.execute(statement, parameters)
psycopg2.errors.UndefinedColumn: ОШИБКА:  столбец "insurance_policy_id" не существует
LINE 4:         WHERE "insurance_policy_id" IS NOT NULL
                      ^


The above exception was the direct cause of the following exception:

Traceback (most recent call last):
  File "/opt/airflow/dags/referential_integrity_check.py", line 54, in run_check_and_save_to_db
    rows = conn.execute(text(sql)).fetchall()
           ^^^^^^^^^^^^^^^^^^^^^^^
  File "/home/airflow/.local/lib/python3.12/site-packages/sqlalchemy/engine/base.py", line 1385, in execute
    return meth(self, multiparams, params, _EMPTY_EXECUTION_OPTS)
           ^^^^^^^^^^^^^^^^^^^^^^^^^^^^^^^^^^^^^^^^^^^^^^^^^^^^^^
  File "/home/airflow/.local/lib/python3.12/site-packages/sqlalchemy/sql/elements.py", line 334, in _execute_on_connection
    return connection._execute_clauseelement(
           ^^^^^^^^^^^^^^^^^^^^^^^^^^^^^^^^^^
  File "/home/airflow/.local/lib/python3.12/site-packages/sqlalchemy/engine/base.py", line 1577, in _execute_clauseelement
    ret = self._execute_context(
          ^^^^^^^^^^^^^^^^^^^^^^
  File "/home/airflow/.local/lib/python3.12/site-packages/sqlalchemy/engine/base.py", line 1953, in _execute_context
    self._handle_dbapi_exception(
  File "/home/airflow/.local/lib/python3.12/site-packages/sqlalchemy/engine/base.py", line 2134, in _handle_dbapi_exception
    util.raise_(
  File "/home/airflow/.local/lib/python3.12/site-packages/sqlalchemy/util/compat.py", line 211, in raise_
    raise exception
  File "/home/airflow/.local/lib/python3.12/site-packages/sqlalchemy/engine/base.py", line 1910, in _execute_context
    self.dialect.do_execute(
  File "/home/airflow/.local/lib/python3.12/site-packages/sqlalchemy/engine/default.py", line 736, in do_execute
    cursor.execute(statement, parameters)
sqlalchemy.exc.ProgrammingError: (psycopg2.errors.UndefinedColumn) ОШИБКА:  столбец "insurance_policy_id" не существует
LINE 4:         WHERE "insurance_policy_id" IS NOT NULL
                      ^

[SQL: 
        SELECT *, 'Practic.cash_flow_fact_ins_contract' AS table_name
        FROM "Practic"."cash_flow_fact_ins_contract"
        WHERE "insurance_policy_id" IS NOT NULL
        AND "insurance_policy_id" NOT IN (
            SELECT "insurance_policy_id" FROM "Practic"."cash_flow_fact_ins_policy"
        );
    ]
(Background on this error at: https://sqlalche.me/e/14/f405)
[2025-05-19T21:33:17.225+0000] {taskinstance.py:441} INFO - ::group::Post task execution logs
[2025-05-19T21:33:17.225+0000] {taskinstance.py:2905} ERROR - Task failed with exception
Traceback (most recent call last):
  File "/home/airflow/.local/lib/python3.12/site-packages/sqlalchemy/engine/base.py", line 1910, in _execute_context
    self.dialect.do_execute(
  File "/home/airflow/.local/lib/python3.12/site-packages/sqlalchemy/engine/default.py", line 736, in do_execute
    cursor.execute(statement, parameters)
psycopg2.errors.UndefinedColumn: ОШИБКА:  столбец "insurance_policy_id" не существует
LINE 4:         WHERE "insurance_policy_id" IS NOT NULL
                      ^


The above exception was the direct cause of the following exception:

Traceback (most recent call last):
  File "/home/airflow/.local/lib/python3.12/site-packages/airflow/models/taskinstance.py", line 465, in _execute_task
    result = _execute_callable(context=context, **execute_callable_kwargs)
             ^^^^^^^^^^^^^^^^^^^^^^^^^^^^^^^^^^^^^^^^^^^^^^^^^^^^^^^^^^^^^
  File "/home/airflow/.local/lib/python3.12/site-packages/airflow/models/taskinstance.py", line 432, in _execute_callable
    return execute_callable(context=context, **execute_callable_kwargs)
           ^^^^^^^^^^^^^^^^^^^^^^^^^^^^^^^^^^^^^^^^^^^^^^^^^^^^^^^^^^^^
  File "/home/airflow/.local/lib/python3.12/site-packages/airflow/models/baseoperator.py", line 401, in wrapper
    return func(self, *args, **kwargs)
           ^^^^^^^^^^^^^^^^^^^^^^^^^^^
  File "/home/airflow/.local/lib/python3.12/site-packages/airflow/operators/python.py", line 235, in execute
    return_value = self.execute_callable()
                   ^^^^^^^^^^^^^^^^^^^^^^^
  File "/home/airflow/.local/lib/python3.12/site-packages/airflow/operators/python.py", line 252, in execute_callable
    return self.python_callable(*self.op_args, **self.op_kwargs)
           ^^^^^^^^^^^^^^^^^^^^^^^^^^^^^^^^^^^^^^^^^^^^^^^^^^^^^
  File "/opt/airflow/dags/referential_integrity_check.py", line 54, in run_check_and_save_to_db
    rows = conn.execute(text(sql)).fetchall()
           ^^^^^^^^^^^^^^^^^^^^^^^
  File "/home/airflow/.local/lib/python3.12/site-packages/sqlalchemy/engine/base.py", line 1385, in execute
    return meth(self, multiparams, params, _EMPTY_EXECUTION_OPTS)
           ^^^^^^^^^^^^^^^^^^^^^^^^^^^^^^^^^^^^^^^^^^^^^^^^^^^^^^
  File "/home/airflow/.local/lib/python3.12/site-packages/sqlalchemy/sql/elements.py", line 334, in _execute_on_connection
    return connection._execute_clauseelement(
           ^^^^^^^^^^^^^^^^^^^^^^^^^^^^^^^^^^
  File "/home/airflow/.local/lib/python3.12/site-packages/sqlalchemy/engine/base.py", line 1577, in _execute_clauseelement
    ret = self._execute_context(
          ^^^^^^^^^^^^^^^^^^^^^^
  File "/home/airflow/.local/lib/python3.12/site-packages/sqlalchemy/engine/base.py", line 1953, in _execute_context
    self._handle_dbapi_exception(
  File "/home/airflow/.local/lib/python3.12/site-packages/sqlalchemy/engine/base.py", line 2134, in _handle_dbapi_exception
    util.raise_(
  File "/home/airflow/.local/lib/python3.12/site-packages/sqlalchemy/util/compat.py", line 211, in raise_
    raise exception
  File "/home/airflow/.local/lib/python3.12/site-packages/sqlalchemy/engine/base.py", line 1910, in _execute_context
    self.dialect.do_execute(
  File "/home/airflow/.local/lib/python3.12/site-packages/sqlalchemy/engine/default.py", line 736, in do_execute
    cursor.execute(statement, parameters)
sqlalchemy.exc.ProgrammingError: (psycopg2.errors.UndefinedColumn) ОШИБКА:  столбец "insurance_policy_id" не существует
LINE 4:         WHERE "insurance_policy_id" IS NOT NULL
                      ^

[SQL: 
        SELECT *, 'Practic.cash_flow_fact_ins_contract' AS table_name
        FROM "Practic"."cash_flow_fact_ins_contract"
        WHERE "insurance_policy_id" IS NOT NULL
        AND "insurance_policy_id" NOT IN (
            SELECT "insurance_policy_id" FROM "Practic"."cash_flow_fact_ins_policy"
        );
    ]
(Background on this error at: https://sqlalche.me/e/14/f405)
[2025-05-19T21:33:17.233+0000] {taskinstance.py:1206} INFO - Marking task as FAILED. dag_id=referential_integrity_check, task_id=run_check, run_id=referential_integrity_check__2025-05-19T21:33:14.768957, execution_date=20250519T213314, start_date=20250519T213316, end_date=20250519T213317
[2025-05-19T21:33:17.247+0000] {standard_task_runner.py:110} ERROR - Failed to execute job 22 for task run_check ((psycopg2.errors.UndefinedColumn) ОШИБКА:  столбец "insurance_policy_id" не существует
LINE 4:         WHERE "insurance_policy_id" IS NOT NULL
                      ^

[SQL: 
        SELECT *, 'Practic.cash_flow_fact_ins_contract' AS table_name
        FROM "Practic"."cash_flow_fact_ins_contract"
        WHERE "insurance_policy_id" IS NOT NULL
        AND "insurance_policy_id" NOT IN (
            SELECT "insurance_policy_id" FROM "Practic"."cash_flow_fact_ins_policy"
        );
    ]
(Background on this error at: https://sqlalche.me/e/14/f405); 53)
[2025-05-19T21:33:17.261+0000] {local_task_job_runner.py:243} INFO - Task exited with return code 1
[2025-05-19T21:33:17.273+0000] {taskinstance.py:3503} INFO - 0 downstream tasks scheduled from follow-on schedule check
[2025-05-19T21:33:17.277+0000] {local_task_job_runner.py:222} INFO - ::endgroup::
