[2025-05-19T12:32:41.178+0000] {local_task_job_runner.py:120} INFO - ::group::Pre task execution logs
[2025-05-19T12:32:41.197+0000] {taskinstance.py:2076} INFO - Dependencies all met for dep_context=non-requeueable deps ti=<TaskInstance: referential_integrity_check.run_check referential_integrity_check__2025-05-19T12:32:38.735186 [queued]>
[2025-05-19T12:32:41.203+0000] {taskinstance.py:2076} INFO - Dependencies all met for dep_context=requeueable deps ti=<TaskInstance: referential_integrity_check.run_check referential_integrity_check__2025-05-19T12:32:38.735186 [queued]>
[2025-05-19T12:32:41.203+0000] {taskinstance.py:2306} INFO - Starting attempt 1 of 1
[2025-05-19T12:32:41.216+0000] {taskinstance.py:2330} INFO - Executing <Task(PythonOperator): run_check> on 2025-05-19 12:32:38.928961+00:00
[2025-05-19T12:32:41.220+0000] {warnings.py:112} WARNING - /home/***/.local/lib/python3.12/site-packages/***/task/task_runner/standard_task_runner.py:62: DeprecationWarning: This process (pid=52) is multi-threaded, use of fork() may lead to deadlocks in the child.
  pid = os.fork()

[2025-05-19T12:32:41.222+0000] {standard_task_runner.py:64} INFO - Started process 54 to run task
[2025-05-19T12:32:41.221+0000] {standard_task_runner.py:90} INFO - Running: ['***', 'tasks', 'run', 'referential_integrity_check', 'run_check', 'referential_integrity_check__2025-05-19T12:32:38.735186', '--job-id', '83', '--raw', '--subdir', 'DAGS_FOLDER/referential_integrity_check.py', '--cfg-path', '/tmp/tmpzhvjhcwg']
[2025-05-19T12:32:41.223+0000] {standard_task_runner.py:91} INFO - Job 83: Subtask run_check
[2025-05-19T12:32:41.263+0000] {task_command.py:426} INFO - Running <TaskInstance: referential_integrity_check.run_check referential_integrity_check__2025-05-19T12:32:38.735186 [running]> on host 953ef3d426e3
[2025-05-19T12:32:41.336+0000] {taskinstance.py:2648} INFO - Exporting env vars: AIRFLOW_CTX_DAG_OWNER='***' AIRFLOW_CTX_DAG_ID='referential_integrity_check' AIRFLOW_CTX_TASK_ID='run_check' AIRFLOW_CTX_EXECUTION_DATE='2025-05-19T12:32:38.928961+00:00' AIRFLOW_CTX_TRY_NUMBER='1' AIRFLOW_CTX_DAG_RUN_ID='referential_integrity_check__2025-05-19T12:32:38.735186'
[2025-05-19T12:32:41.337+0000] {taskinstance.py:430} INFO - ::endgroup::
[2025-05-19T12:32:41.406+0000] {taskinstance.py:441} INFO - ::group::Post task execution logs
[2025-05-19T12:32:41.406+0000] {taskinstance.py:2905} ERROR - Task failed with exception
Traceback (most recent call last):
  File "/home/airflow/.local/lib/python3.12/site-packages/sqlalchemy/engine/base.py", line 1910, in _execute_context
    self.dialect.do_execute(
  File "/home/airflow/.local/lib/python3.12/site-packages/sqlalchemy/engine/default.py", line 736, in do_execute
    cursor.execute(statement, parameters)
psycopg2.errors.UndefinedTable: ОШИБКА:  отношение "Practic.cash_flow_fact_ins_contract" не существует
LINE 3:             FROM "Practic.cash_flow_fact_ins_contract"
                         ^


The above exception was the direct cause of the following exception:

Traceback (most recent call last):
  File "/home/airflow/.local/lib/python3.12/site-packages/airflow/models/taskinstance.py", line 465, in _execute_task
    result = _execute_callable(context=context, **execute_callable_kwargs)
             ^^^^^^^^^^^^^^^^^^^^^^^^^^^^^^^^^^^^^^^^^^^^^^^^^^^^^^^^^^^^^
  File "/home/airflow/.local/lib/python3.12/site-packages/airflow/models/taskinstance.py", line 432, in _execute_callable
    return execute_callable(context=context, **execute_callable_kwargs)
           ^^^^^^^^^^^^^^^^^^^^^^^^^^^^^^^^^^^^^^^^^^^^^^^^^^^^^^^^^^^^
  File "/home/airflow/.local/lib/python3.12/site-packages/airflow/models/baseoperator.py", line 401, in wrapper
    return func(self, *args, **kwargs)
           ^^^^^^^^^^^^^^^^^^^^^^^^^^^
  File "/home/airflow/.local/lib/python3.12/site-packages/airflow/operators/python.py", line 235, in execute
    return_value = self.execute_callable()
                   ^^^^^^^^^^^^^^^^^^^^^^^
  File "/home/airflow/.local/lib/python3.12/site-packages/airflow/operators/python.py", line 252, in execute_callable
    return self.python_callable(*self.op_args, **self.op_kwargs)
           ^^^^^^^^^^^^^^^^^^^^^^^^^^^^^^^^^^^^^^^^^^^^^^^^^^^^^
  File "/opt/airflow/dags/referential_integrity_check.py", line 37, in run_referential_check
    rows = conn.execute(text(sql)).fetchall()
           ^^^^^^^^^^^^^^^^^^^^^^^
  File "/home/airflow/.local/lib/python3.12/site-packages/sqlalchemy/engine/base.py", line 1385, in execute
    return meth(self, multiparams, params, _EMPTY_EXECUTION_OPTS)
           ^^^^^^^^^^^^^^^^^^^^^^^^^^^^^^^^^^^^^^^^^^^^^^^^^^^^^^
  File "/home/airflow/.local/lib/python3.12/site-packages/sqlalchemy/sql/elements.py", line 334, in _execute_on_connection
    return connection._execute_clauseelement(
           ^^^^^^^^^^^^^^^^^^^^^^^^^^^^^^^^^^
  File "/home/airflow/.local/lib/python3.12/site-packages/sqlalchemy/engine/base.py", line 1577, in _execute_clauseelement
    ret = self._execute_context(
          ^^^^^^^^^^^^^^^^^^^^^^
  File "/home/airflow/.local/lib/python3.12/site-packages/sqlalchemy/engine/base.py", line 1953, in _execute_context
    self._handle_dbapi_exception(
  File "/home/airflow/.local/lib/python3.12/site-packages/sqlalchemy/engine/base.py", line 2134, in _handle_dbapi_exception
    util.raise_(
  File "/home/airflow/.local/lib/python3.12/site-packages/sqlalchemy/util/compat.py", line 211, in raise_
    raise exception
  File "/home/airflow/.local/lib/python3.12/site-packages/sqlalchemy/engine/base.py", line 1910, in _execute_context
    self.dialect.do_execute(
  File "/home/airflow/.local/lib/python3.12/site-packages/sqlalchemy/engine/default.py", line 736, in do_execute
    cursor.execute(statement, parameters)
sqlalchemy.exc.ProgrammingError: (psycopg2.errors.UndefinedTable) ОШИБКА:  отношение "Practic.cash_flow_fact_ins_contract" не существует
LINE 3:             FROM "Practic.cash_flow_fact_ins_contract"
                         ^

[SQL: 
            SELECT *
            FROM "Practic.cash_flow_fact_ins_contract"
            WHERE "insurance_contract_id" IS NOT NULL
            AND "insurance_contract_id" NOT IN (
                SELECT "insurance_contract_id"
                FROM "Practic.cash_flow_fact_ins_risk"
            );
        ]
(Background on this error at: https://sqlalche.me/e/14/f405)
[2025-05-19T12:32:41.416+0000] {taskinstance.py:1206} INFO - Marking task as FAILED. dag_id=referential_integrity_check, task_id=run_check, run_id=referential_integrity_check__2025-05-19T12:32:38.735186, execution_date=20250519T123238, start_date=20250519T123241, end_date=20250519T123241
[2025-05-19T12:32:41.427+0000] {standard_task_runner.py:110} ERROR - Failed to execute job 83 for task run_check ((psycopg2.errors.UndefinedTable) ОШИБКА:  отношение "Practic.cash_flow_fact_ins_contract" не существует
LINE 3:             FROM "Practic.cash_flow_fact_ins_contract"
                         ^

[SQL: 
            SELECT *
            FROM "Practic.cash_flow_fact_ins_contract"
            WHERE "insurance_contract_id" IS NOT NULL
            AND "insurance_contract_id" NOT IN (
                SELECT "insurance_contract_id"
                FROM "Practic.cash_flow_fact_ins_risk"
            );
        ]
(Background on this error at: https://sqlalche.me/e/14/f405); 54)
[2025-05-19T12:32:41.436+0000] {local_task_job_runner.py:243} INFO - Task exited with return code 1
[2025-05-19T12:32:41.448+0000] {taskinstance.py:3503} INFO - 0 downstream tasks scheduled from follow-on schedule check
[2025-05-19T12:32:41.451+0000] {local_task_job_runner.py:222} INFO - ::endgroup::
