[2025-05-20T10:51:09.876+0000] {local_task_job_runner.py:120} INFO - ::group::Pre task execution logs
[2025-05-20T10:51:09.991+0000] {taskinstance.py:2076} INFO - Dependencies all met for dep_context=non-requeueable deps ti=<TaskInstance: null_check.run_null_check null_check__2025-05-20T10:51:08.981778 [queued]>
[2025-05-20T10:51:09.998+0000] {taskinstance.py:2076} INFO - Dependencies all met for dep_context=requeueable deps ti=<TaskInstance: null_check.run_null_check null_check__2025-05-20T10:51:08.981778 [queued]>
[2025-05-20T10:51:09.998+0000] {taskinstance.py:2306} INFO - Starting attempt 1 of 1
[2025-05-20T10:51:10.011+0000] {taskinstance.py:2330} INFO - Executing <Task(PythonOperator): run_null_check> on 2025-05-20 10:51:09.146117+00:00
[2025-05-20T10:51:10.015+0000] {warnings.py:112} WARNING - /home/***/.local/lib/python3.12/site-packages/***/task/task_runner/standard_task_runner.py:62: DeprecationWarning: This process (pid=115) is multi-threaded, use of fork() may lead to deadlocks in the child.
  pid = os.fork()

[2025-05-20T10:51:10.016+0000] {standard_task_runner.py:64} INFO - Started process 117 to run task
[2025-05-20T10:51:10.016+0000] {standard_task_runner.py:90} INFO - Running: ['***', 'tasks', 'run', 'null_check', 'run_null_check', 'null_check__2025-05-20T10:51:08.981778', '--job-id', '90', '--raw', '--subdir', 'DAGS_FOLDER/null_check.py', '--cfg-path', '/tmp/tmp1mp7dy69']
[2025-05-20T10:51:10.018+0000] {standard_task_runner.py:91} INFO - Job 90: Subtask run_null_check
[2025-05-20T10:51:10.057+0000] {task_command.py:426} INFO - Running <TaskInstance: null_check.run_null_check null_check__2025-05-20T10:51:08.981778 [running]> on host ce279338416b
[2025-05-20T10:51:10.139+0000] {taskinstance.py:2648} INFO - Exporting env vars: AIRFLOW_CTX_DAG_OWNER='***' AIRFLOW_CTX_DAG_ID='null_check' AIRFLOW_CTX_TASK_ID='run_null_check' AIRFLOW_CTX_EXECUTION_DATE='2025-05-20T10:51:09.146117+00:00' AIRFLOW_CTX_TRY_NUMBER='1' AIRFLOW_CTX_DAG_RUN_ID='null_check__2025-05-20T10:51:08.981778'
[2025-05-20T10:51:10.140+0000] {taskinstance.py:430} INFO - ::endgroup::
[2025-05-20T10:51:10.235+0000] {taskinstance.py:441} INFO - ::group::Post task execution logs
[2025-05-20T10:51:10.235+0000] {taskinstance.py:2905} ERROR - Task failed with exception
Traceback (most recent call last):
  File "/home/airflow/.local/lib/python3.12/site-packages/sqlalchemy/engine/base.py", line 1910, in _execute_context
    self.dialect.do_execute(
  File "/home/airflow/.local/lib/python3.12/site-packages/sqlalchemy/engine/default.py", line 736, in do_execute
    cursor.execute(statement, parameters)
psycopg2.errors.UndefinedTable: ОШИБКА:  отношение "validation.validation_result" не существует
LINE 2:             UPDATE validation.validation_result
                           ^


The above exception was the direct cause of the following exception:

Traceback (most recent call last):
  File "/home/airflow/.local/lib/python3.12/site-packages/airflow/models/taskinstance.py", line 465, in _execute_task
    result = _execute_callable(context=context, **execute_callable_kwargs)
             ^^^^^^^^^^^^^^^^^^^^^^^^^^^^^^^^^^^^^^^^^^^^^^^^^^^^^^^^^^^^^
  File "/home/airflow/.local/lib/python3.12/site-packages/airflow/models/taskinstance.py", line 432, in _execute_callable
    return execute_callable(context=context, **execute_callable_kwargs)
           ^^^^^^^^^^^^^^^^^^^^^^^^^^^^^^^^^^^^^^^^^^^^^^^^^^^^^^^^^^^^
  File "/home/airflow/.local/lib/python3.12/site-packages/airflow/models/baseoperator.py", line 401, in wrapper
    return func(self, *args, **kwargs)
           ^^^^^^^^^^^^^^^^^^^^^^^^^^^
  File "/home/airflow/.local/lib/python3.12/site-packages/airflow/operators/python.py", line 235, in execute
    return_value = self.execute_callable()
                   ^^^^^^^^^^^^^^^^^^^^^^^
  File "/home/airflow/.local/lib/python3.12/site-packages/airflow/operators/python.py", line 252, in execute_callable
    return self.python_callable(*self.op_args, **self.op_kwargs)
           ^^^^^^^^^^^^^^^^^^^^^^^^^^^^^^^^^^^^^^^^^^^^^^^^^^^^^
  File "/opt/airflow/dags/null_check.py", line 37, in run_null_check
    conn.execute(text("""
  File "/home/airflow/.local/lib/python3.12/site-packages/sqlalchemy/engine/base.py", line 1385, in execute
    return meth(self, multiparams, params, _EMPTY_EXECUTION_OPTS)
           ^^^^^^^^^^^^^^^^^^^^^^^^^^^^^^^^^^^^^^^^^^^^^^^^^^^^^^
  File "/home/airflow/.local/lib/python3.12/site-packages/sqlalchemy/sql/elements.py", line 334, in _execute_on_connection
    return connection._execute_clauseelement(
           ^^^^^^^^^^^^^^^^^^^^^^^^^^^^^^^^^^
  File "/home/airflow/.local/lib/python3.12/site-packages/sqlalchemy/engine/base.py", line 1577, in _execute_clauseelement
    ret = self._execute_context(
          ^^^^^^^^^^^^^^^^^^^^^^
  File "/home/airflow/.local/lib/python3.12/site-packages/sqlalchemy/engine/base.py", line 1953, in _execute_context
    self._handle_dbapi_exception(
  File "/home/airflow/.local/lib/python3.12/site-packages/sqlalchemy/engine/base.py", line 2134, in _handle_dbapi_exception
    util.raise_(
  File "/home/airflow/.local/lib/python3.12/site-packages/sqlalchemy/util/compat.py", line 211, in raise_
    raise exception
  File "/home/airflow/.local/lib/python3.12/site-packages/sqlalchemy/engine/base.py", line 1910, in _execute_context
    self.dialect.do_execute(
  File "/home/airflow/.local/lib/python3.12/site-packages/sqlalchemy/engine/default.py", line 736, in do_execute
    cursor.execute(statement, parameters)
sqlalchemy.exc.ProgrammingError: (psycopg2.errors.UndefinedTable) ОШИБКА:  отношение "validation.validation_result" не существует
LINE 2:             UPDATE validation.validation_result
                           ^

[SQL: 
            UPDATE validation.validation_result
            SET status = %(status)s,
                error_count = %(error_count)s,
                check_date = now()
            WHERE result_id = %(result_id)s
        ]
[parameters: {'status': False, 'error_count': 4, 'result_id': 53}]
(Background on this error at: https://sqlalche.me/e/14/f405)
[2025-05-20T10:51:10.246+0000] {taskinstance.py:1206} INFO - Marking task as FAILED. dag_id=null_check, task_id=run_null_check, run_id=null_check__2025-05-20T10:51:08.981778, execution_date=20250520T105109, start_date=20250520T105109, end_date=20250520T105110
[2025-05-20T10:51:10.256+0000] {standard_task_runner.py:110} ERROR - Failed to execute job 90 for task run_null_check ((psycopg2.errors.UndefinedTable) ОШИБКА:  отношение "validation.validation_result" не существует
LINE 2:             UPDATE validation.validation_result
                           ^

[SQL: 
            UPDATE validation.validation_result
            SET status = %(status)s,
                error_count = %(error_count)s,
                check_date = now()
            WHERE result_id = %(result_id)s
        ]
[parameters: {'status': False, 'error_count': 4, 'result_id': 53}]
(Background on this error at: https://sqlalche.me/e/14/f405); 117)
[2025-05-20T10:51:10.270+0000] {local_task_job_runner.py:243} INFO - Task exited with return code 1
[2025-05-20T10:51:10.284+0000] {taskinstance.py:3503} INFO - 0 downstream tasks scheduled from follow-on schedule check
[2025-05-20T10:51:10.288+0000] {local_task_job_runner.py:222} INFO - ::endgroup::
