[2025-05-20T15:35:20.228+0000] {local_task_job_runner.py:120} INFO - ::group::Pre task execution logs
[2025-05-20T15:35:20.249+0000] {taskinstance.py:2076} INFO - Dependencies all met for dep_context=non-requeueable deps ti=<TaskInstance: duplicate_check.run_duplicate_check duplicate_check__2025-05-20T15:35:19.654314 [queued]>
[2025-05-20T15:35:20.257+0000] {taskinstance.py:2076} INFO - Dependencies all met for dep_context=requeueable deps ti=<TaskInstance: duplicate_check.run_duplicate_check duplicate_check__2025-05-20T15:35:19.654314 [queued]>
[2025-05-20T15:35:20.258+0000] {taskinstance.py:2306} INFO - Starting attempt 1 of 1
[2025-05-20T15:35:20.274+0000] {taskinstance.py:2330} INFO - Executing <Task(PythonOperator): run_duplicate_check> on 2025-05-20 15:35:19.671166+00:00
[2025-05-20T15:35:20.279+0000] {warnings.py:112} WARNING - /home/***/.local/lib/python3.12/site-packages/***/task/task_runner/standard_task_runner.py:62: DeprecationWarning: This process (pid=112) is multi-threaded, use of fork() may lead to deadlocks in the child.
  pid = os.fork()

[2025-05-20T15:35:20.280+0000] {standard_task_runner.py:90} INFO - Running: ['***', 'tasks', 'run', 'duplicate_check', 'run_duplicate_check', 'duplicate_check__2025-05-20T15:35:19.654314', '--job-id', '25', '--raw', '--subdir', 'DAGS_FOLDER/Duplicate_check.py', '--cfg-path', '/tmp/tmpbl5s1qwv']
[2025-05-20T15:35:20.281+0000] {standard_task_runner.py:64} INFO - Started process 113 to run task
[2025-05-20T15:35:20.281+0000] {standard_task_runner.py:91} INFO - Job 25: Subtask run_duplicate_check
[2025-05-20T15:35:20.322+0000] {task_command.py:426} INFO - Running <TaskInstance: duplicate_check.run_duplicate_check duplicate_check__2025-05-20T15:35:19.654314 [running]> on host e153ee340532
[2025-05-20T15:35:20.402+0000] {taskinstance.py:2648} INFO - Exporting env vars: AIRFLOW_CTX_DAG_OWNER='***' AIRFLOW_CTX_DAG_ID='duplicate_check' AIRFLOW_CTX_TASK_ID='run_duplicate_check' AIRFLOW_CTX_EXECUTION_DATE='2025-05-20T15:35:19.671166+00:00' AIRFLOW_CTX_TRY_NUMBER='1' AIRFLOW_CTX_DAG_RUN_ID='duplicate_check__2025-05-20T15:35:19.654314'
[2025-05-20T15:35:20.403+0000] {taskinstance.py:430} INFO - ::endgroup::
[2025-05-20T15:35:20.468+0000] {Duplicate_check.py:80} ERROR - Ошибка выполнения duplicate_check
Traceback (most recent call last):
  File "/opt/airflow/dags/Duplicate_check.py", line 72, in run_duplicate_check
    "reference": json.dumps(dict(row._mapping)),
                 ^^^^^^^^^^^^^^^^^^^^^^^^^^^^^^
  File "/usr/local/lib/python3.12/json/__init__.py", line 231, in dumps
    return _default_encoder.encode(obj)
           ^^^^^^^^^^^^^^^^^^^^^^^^^^^^
  File "/usr/local/lib/python3.12/json/encoder.py", line 200, in encode
    chunks = self.iterencode(o, _one_shot=True)
             ^^^^^^^^^^^^^^^^^^^^^^^^^^^^^^^^^^
  File "/usr/local/lib/python3.12/json/encoder.py", line 258, in iterencode
    return _iterencode(o, 0)
           ^^^^^^^^^^^^^^^^^
  File "/usr/local/lib/python3.12/json/encoder.py", line 180, in default
    raise TypeError(f'Object of type {o.__class__.__name__} '
TypeError: Object of type date is not JSON serializable
[2025-05-20T15:35:20.471+0000] {taskinstance.py:441} INFO - ::group::Post task execution logs
[2025-05-20T15:35:20.471+0000] {taskinstance.py:2905} ERROR - Task failed with exception
Traceback (most recent call last):
  File "/home/airflow/.local/lib/python3.12/site-packages/airflow/models/taskinstance.py", line 465, in _execute_task
    result = _execute_callable(context=context, **execute_callable_kwargs)
             ^^^^^^^^^^^^^^^^^^^^^^^^^^^^^^^^^^^^^^^^^^^^^^^^^^^^^^^^^^^^^
  File "/home/airflow/.local/lib/python3.12/site-packages/airflow/models/taskinstance.py", line 432, in _execute_callable
    return execute_callable(context=context, **execute_callable_kwargs)
           ^^^^^^^^^^^^^^^^^^^^^^^^^^^^^^^^^^^^^^^^^^^^^^^^^^^^^^^^^^^^
  File "/home/airflow/.local/lib/python3.12/site-packages/airflow/models/baseoperator.py", line 401, in wrapper
    return func(self, *args, **kwargs)
           ^^^^^^^^^^^^^^^^^^^^^^^^^^^
  File "/home/airflow/.local/lib/python3.12/site-packages/airflow/operators/python.py", line 235, in execute
    return_value = self.execute_callable()
                   ^^^^^^^^^^^^^^^^^^^^^^^
  File "/home/airflow/.local/lib/python3.12/site-packages/airflow/operators/python.py", line 252, in execute_callable
    return self.python_callable(*self.op_args, **self.op_kwargs)
           ^^^^^^^^^^^^^^^^^^^^^^^^^^^^^^^^^^^^^^^^^^^^^^^^^^^^^
  File "/opt/airflow/dags/Duplicate_check.py", line 72, in run_duplicate_check
    "reference": json.dumps(dict(row._mapping)),
                 ^^^^^^^^^^^^^^^^^^^^^^^^^^^^^^
  File "/usr/local/lib/python3.12/json/__init__.py", line 231, in dumps
    return _default_encoder.encode(obj)
           ^^^^^^^^^^^^^^^^^^^^^^^^^^^^
  File "/usr/local/lib/python3.12/json/encoder.py", line 200, in encode
    chunks = self.iterencode(o, _one_shot=True)
             ^^^^^^^^^^^^^^^^^^^^^^^^^^^^^^^^^^
  File "/usr/local/lib/python3.12/json/encoder.py", line 258, in iterencode
    return _iterencode(o, 0)
           ^^^^^^^^^^^^^^^^^
  File "/usr/local/lib/python3.12/json/encoder.py", line 180, in default
    raise TypeError(f'Object of type {o.__class__.__name__} '
TypeError: Object of type date is not JSON serializable
[2025-05-20T15:35:20.478+0000] {taskinstance.py:1206} INFO - Marking task as FAILED. dag_id=duplicate_check, task_id=run_duplicate_check, run_id=duplicate_check__2025-05-20T15:35:19.654314, execution_date=20250520T153519, start_date=20250520T153520, end_date=20250520T153520
[2025-05-20T15:35:20.491+0000] {standard_task_runner.py:110} ERROR - Failed to execute job 25 for task run_duplicate_check (Object of type date is not JSON serializable; 113)
[2025-05-20T15:35:20.535+0000] {local_task_job_runner.py:243} INFO - Task exited with return code 1
[2025-05-20T15:35:20.547+0000] {taskinstance.py:3503} INFO - 0 downstream tasks scheduled from follow-on schedule check
[2025-05-20T15:35:20.552+0000] {local_task_job_runner.py:222} INFO - ::endgroup::
