[2025-05-20T14:53:08.338+0000] {local_task_job_runner.py:120} INFO - ::group::Pre task execution logs
[2025-05-20T14:53:08.361+0000] {taskinstance.py:2076} INFO - Dependencies all met for dep_context=non-requeueable deps ti=<TaskInstance: duplicate_check.run_duplicate_check duplicate_check__2025-05-20T14:53:07.284814 [queued]>
[2025-05-20T14:53:08.369+0000] {taskinstance.py:2076} INFO - Dependencies all met for dep_context=requeueable deps ti=<TaskInstance: duplicate_check.run_duplicate_check duplicate_check__2025-05-20T14:53:07.284814 [queued]>
[2025-05-20T14:53:08.370+0000] {taskinstance.py:2306} INFO - Starting attempt 1 of 1
[2025-05-20T14:53:08.387+0000] {taskinstance.py:2330} INFO - Executing <Task(PythonOperator): run_duplicate_check> on 2025-05-20 14:53:07.297144+00:00
[2025-05-20T14:53:08.391+0000] {warnings.py:112} WARNING - /home/***/.local/lib/python3.12/site-packages/***/task/task_runner/standard_task_runner.py:62: DeprecationWarning: This process (pid=104) is multi-threaded, use of fork() may lead to deadlocks in the child.
  pid = os.fork()

[2025-05-20T14:53:08.392+0000] {standard_task_runner.py:90} INFO - Running: ['***', 'tasks', 'run', 'duplicate_check', 'run_duplicate_check', 'duplicate_check__2025-05-20T14:53:07.284814', '--job-id', '21', '--raw', '--subdir', 'DAGS_FOLDER/Duplicate_check.py', '--cfg-path', '/tmp/tmpxq_h7rxn']
[2025-05-20T14:53:08.393+0000] {standard_task_runner.py:64} INFO - Started process 105 to run task
[2025-05-20T14:53:08.393+0000] {standard_task_runner.py:91} INFO - Job 21: Subtask run_duplicate_check
[2025-05-20T14:53:08.436+0000] {task_command.py:426} INFO - Running <TaskInstance: duplicate_check.run_duplicate_check duplicate_check__2025-05-20T14:53:07.284814 [running]> on host e153ee340532
[2025-05-20T14:53:08.514+0000] {taskinstance.py:2648} INFO - Exporting env vars: AIRFLOW_CTX_DAG_OWNER='***' AIRFLOW_CTX_DAG_ID='duplicate_check' AIRFLOW_CTX_TASK_ID='run_duplicate_check' AIRFLOW_CTX_EXECUTION_DATE='2025-05-20T14:53:07.297144+00:00' AIRFLOW_CTX_TRY_NUMBER='1' AIRFLOW_CTX_DAG_RUN_ID='duplicate_check__2025-05-20T14:53:07.284814'
[2025-05-20T14:53:08.514+0000] {taskinstance.py:430} INFO - ::endgroup::
[2025-05-20T14:53:08.569+0000] {taskinstance.py:441} INFO - ::group::Post task execution logs
[2025-05-20T14:53:08.570+0000] {taskinstance.py:2905} ERROR - Task failed with exception
Traceback (most recent call last):
  File "/home/airflow/.local/lib/python3.12/site-packages/airflow/models/taskinstance.py", line 465, in _execute_task
    result = _execute_callable(context=context, **execute_callable_kwargs)
             ^^^^^^^^^^^^^^^^^^^^^^^^^^^^^^^^^^^^^^^^^^^^^^^^^^^^^^^^^^^^^
  File "/home/airflow/.local/lib/python3.12/site-packages/airflow/models/taskinstance.py", line 432, in _execute_callable
    return execute_callable(context=context, **execute_callable_kwargs)
           ^^^^^^^^^^^^^^^^^^^^^^^^^^^^^^^^^^^^^^^^^^^^^^^^^^^^^^^^^^^^
  File "/home/airflow/.local/lib/python3.12/site-packages/airflow/models/baseoperator.py", line 401, in wrapper
    return func(self, *args, **kwargs)
           ^^^^^^^^^^^^^^^^^^^^^^^^^^^
  File "/home/airflow/.local/lib/python3.12/site-packages/airflow/operators/python.py", line 235, in execute
    return_value = self.execute_callable()
                   ^^^^^^^^^^^^^^^^^^^^^^^
  File "/home/airflow/.local/lib/python3.12/site-packages/airflow/operators/python.py", line 252, in execute_callable
    return self.python_callable(*self.op_args, **self.op_kwargs)
           ^^^^^^^^^^^^^^^^^^^^^^^^^^^^^^^^^^^^^^^^^^^^^^^^^^^^^
  File "/opt/airflow/dags/Duplicate_check.py", line 24, in run_duplicate_check
    FROM {quoted_table}
          ^^^^^^^^^^^^
NameError: name 'quoted_table' is not defined
[2025-05-20T14:53:08.582+0000] {taskinstance.py:1206} INFO - Marking task as FAILED. dag_id=duplicate_check, task_id=run_duplicate_check, run_id=duplicate_check__2025-05-20T14:53:07.284814, execution_date=20250520T145307, start_date=20250520T145308, end_date=20250520T145308
[2025-05-20T14:53:08.594+0000] {standard_task_runner.py:110} ERROR - Failed to execute job 21 for task run_duplicate_check (name 'quoted_table' is not defined; 105)
[2025-05-20T14:53:08.607+0000] {local_task_job_runner.py:243} INFO - Task exited with return code 1
[2025-05-20T14:53:08.621+0000] {taskinstance.py:3503} INFO - 0 downstream tasks scheduled from follow-on schedule check
[2025-05-20T14:53:08.627+0000] {local_task_job_runner.py:222} INFO - ::endgroup::
