[2025-05-19T20:32:10.564+0000] {local_task_job_runner.py:120} INFO - ::group::Pre task execution logs
[2025-05-19T20:32:10.585+0000] {taskinstance.py:2076} INFO - Dependencies all met for dep_context=non-requeueable deps ti=<TaskInstance: referential_integrity_check.run_check referential_integrity_check__2025-05-19T20:32:09.143100 [queued]>
[2025-05-19T20:32:10.592+0000] {taskinstance.py:2076} INFO - Dependencies all met for dep_context=requeueable deps ti=<TaskInstance: referential_integrity_check.run_check referential_integrity_check__2025-05-19T20:32:09.143100 [queued]>
[2025-05-19T20:32:10.593+0000] {taskinstance.py:2306} INFO - Starting attempt 1 of 1
[2025-05-19T20:32:10.609+0000] {taskinstance.py:2330} INFO - Executing <Task(PythonOperator): run_check> on 2025-05-19 20:32:09.299147+00:00
[2025-05-19T20:32:10.613+0000] {warnings.py:112} WARNING - /home/***/.local/lib/python3.12/site-packages/***/task/task_runner/standard_task_runner.py:62: DeprecationWarning: This process (pid=58) is multi-threaded, use of fork() may lead to deadlocks in the child.
  pid = os.fork()

[2025-05-19T20:32:10.614+0000] {standard_task_runner.py:64} INFO - Started process 59 to run task
[2025-05-19T20:32:10.614+0000] {standard_task_runner.py:90} INFO - Running: ['***', 'tasks', 'run', 'referential_integrity_check', 'run_check', 'referential_integrity_check__2025-05-19T20:32:09.143100', '--job-id', '10', '--raw', '--subdir', 'DAGS_FOLDER/referential_integrity_check.py', '--cfg-path', '/tmp/tmp4r4s0kmn']
[2025-05-19T20:32:10.615+0000] {standard_task_runner.py:91} INFO - Job 10: Subtask run_check
[2025-05-19T20:32:10.658+0000] {task_command.py:426} INFO - Running <TaskInstance: referential_integrity_check.run_check referential_integrity_check__2025-05-19T20:32:09.143100 [running]> on host 317549188b44
[2025-05-19T20:32:10.732+0000] {taskinstance.py:2648} INFO - Exporting env vars: AIRFLOW_CTX_DAG_OWNER='***' AIRFLOW_CTX_DAG_ID='referential_integrity_check' AIRFLOW_CTX_TASK_ID='run_check' AIRFLOW_CTX_EXECUTION_DATE='2025-05-19T20:32:09.299147+00:00' AIRFLOW_CTX_TRY_NUMBER='1' AIRFLOW_CTX_DAG_RUN_ID='referential_integrity_check__2025-05-19T20:32:09.143100'
[2025-05-19T20:32:10.733+0000] {taskinstance.py:430} INFO - ::endgroup::
[2025-05-19T20:32:10.799+0000] {taskinstance.py:441} INFO - ::group::Post task execution logs
[2025-05-19T20:32:10.800+0000] {taskinstance.py:2905} ERROR - Task failed with exception
Traceback (most recent call last):
  File "/home/airflow/.local/lib/python3.12/site-packages/sqlalchemy/engine/base.py", line 1910, in _execute_context
    self.dialect.do_execute(
  File "/home/airflow/.local/lib/python3.12/site-packages/sqlalchemy/engine/default.py", line 736, in do_execute
    cursor.execute(statement, parameters)
psycopg2.errors.UndefinedTable: ОШИБКА:  отношение "validation.validation_result" не существует
LINE 2:             UPDATE validation.validation_result
                           ^


The above exception was the direct cause of the following exception:

Traceback (most recent call last):
  File "/home/airflow/.local/lib/python3.12/site-packages/airflow/models/taskinstance.py", line 465, in _execute_task
    result = _execute_callable(context=context, **execute_callable_kwargs)
             ^^^^^^^^^^^^^^^^^^^^^^^^^^^^^^^^^^^^^^^^^^^^^^^^^^^^^^^^^^^^^
  File "/home/airflow/.local/lib/python3.12/site-packages/airflow/models/taskinstance.py", line 432, in _execute_callable
    return execute_callable(context=context, **execute_callable_kwargs)
           ^^^^^^^^^^^^^^^^^^^^^^^^^^^^^^^^^^^^^^^^^^^^^^^^^^^^^^^^^^^^
  File "/home/airflow/.local/lib/python3.12/site-packages/airflow/models/baseoperator.py", line 401, in wrapper
    return func(self, *args, **kwargs)
           ^^^^^^^^^^^^^^^^^^^^^^^^^^^
  File "/home/airflow/.local/lib/python3.12/site-packages/airflow/operators/python.py", line 235, in execute
    return_value = self.execute_callable()
                   ^^^^^^^^^^^^^^^^^^^^^^^
  File "/home/airflow/.local/lib/python3.12/site-packages/airflow/operators/python.py", line 252, in execute_callable
    return self.python_callable(*self.op_args, **self.op_kwargs)
           ^^^^^^^^^^^^^^^^^^^^^^^^^^^^^^^^^^^^^^^^^^^^^^^^^^^^^
  File "/opt/airflow/dags/referential_integrity_check.py", line 85, in run_check_and_save_to_db
    raise e
  File "/opt/airflow/dags/referential_integrity_check.py", line 53, in run_check_and_save_to_db
    session.execute(text("""
  File "/home/airflow/.local/lib/python3.12/site-packages/sqlalchemy/orm/session.py", line 1717, in execute
    result = conn._execute_20(statement, params or {}, execution_options)
             ^^^^^^^^^^^^^^^^^^^^^^^^^^^^^^^^^^^^^^^^^^^^^^^^^^^^^^^^^^^^
  File "/home/airflow/.local/lib/python3.12/site-packages/sqlalchemy/engine/base.py", line 1710, in _execute_20
    return meth(self, args_10style, kwargs_10style, execution_options)
           ^^^^^^^^^^^^^^^^^^^^^^^^^^^^^^^^^^^^^^^^^^^^^^^^^^^^^^^^^^^
  File "/home/airflow/.local/lib/python3.12/site-packages/sqlalchemy/sql/elements.py", line 334, in _execute_on_connection
    return connection._execute_clauseelement(
           ^^^^^^^^^^^^^^^^^^^^^^^^^^^^^^^^^^
  File "/home/airflow/.local/lib/python3.12/site-packages/sqlalchemy/engine/base.py", line 1577, in _execute_clauseelement
    ret = self._execute_context(
          ^^^^^^^^^^^^^^^^^^^^^^
  File "/home/airflow/.local/lib/python3.12/site-packages/sqlalchemy/engine/base.py", line 1953, in _execute_context
    self._handle_dbapi_exception(
  File "/home/airflow/.local/lib/python3.12/site-packages/sqlalchemy/engine/base.py", line 2134, in _handle_dbapi_exception
    util.raise_(
  File "/home/airflow/.local/lib/python3.12/site-packages/sqlalchemy/util/compat.py", line 211, in raise_
    raise exception
  File "/home/airflow/.local/lib/python3.12/site-packages/sqlalchemy/engine/base.py", line 1910, in _execute_context
    self.dialect.do_execute(
  File "/home/airflow/.local/lib/python3.12/site-packages/sqlalchemy/engine/default.py", line 736, in do_execute
    cursor.execute(statement, parameters)
sqlalchemy.exc.ProgrammingError: (psycopg2.errors.UndefinedTable) ОШИБКА:  отношение "validation.validation_result" не существует
LINE 2:             UPDATE validation.validation_result
                           ^

[SQL: 
            UPDATE validation.validation_result
            SET status = %(status)s,
                error_count = %(error_count)s,
                check_date = now()
            WHERE result_id = %(result_id)s
        ]
[parameters: {'status': False, 'error_count': 2, 'result_id': 10}]
(Background on this error at: https://sqlalche.me/e/14/f405)
[2025-05-19T20:32:10.812+0000] {taskinstance.py:1206} INFO - Marking task as FAILED. dag_id=referential_integrity_check, task_id=run_check, run_id=referential_integrity_check__2025-05-19T20:32:09.143100, execution_date=20250519T203209, start_date=20250519T203210, end_date=20250519T203210
[2025-05-19T20:32:10.824+0000] {standard_task_runner.py:110} ERROR - Failed to execute job 10 for task run_check ((psycopg2.errors.UndefinedTable) ОШИБКА:  отношение "validation.validation_result" не существует
LINE 2:             UPDATE validation.validation_result
                           ^

[SQL: 
            UPDATE validation.validation_result
            SET status = %(status)s,
                error_count = %(error_count)s,
                check_date = now()
            WHERE result_id = %(result_id)s
        ]
[parameters: {'status': False, 'error_count': 2, 'result_id': 10}]
(Background on this error at: https://sqlalche.me/e/14/f405); 59)
[2025-05-19T20:32:10.867+0000] {local_task_job_runner.py:243} INFO - Task exited with return code 1
[2025-05-19T20:32:10.880+0000] {taskinstance.py:3503} INFO - 0 downstream tasks scheduled from follow-on schedule check
[2025-05-19T20:32:10.883+0000] {local_task_job_runner.py:222} INFO - ::endgroup::
