[2025-05-20T20:02:28.816+0000] {local_task_job_runner.py:120} INFO - ::group::Pre task execution logs
[2025-05-20T20:02:28.837+0000] {taskinstance.py:2076} INFO - Dependencies all met for dep_context=non-requeueable deps ti=<TaskInstance: duplicate_check.run_duplicate_rows_check duplicate_check__2025-05-20T20:02:28.326938 [queued]>
[2025-05-20T20:02:28.844+0000] {taskinstance.py:2076} INFO - Dependencies all met for dep_context=requeueable deps ti=<TaskInstance: duplicate_check.run_duplicate_rows_check duplicate_check__2025-05-20T20:02:28.326938 [queued]>
[2025-05-20T20:02:28.844+0000] {taskinstance.py:2306} INFO - Starting attempt 1 of 1
[2025-05-20T20:02:28.860+0000] {taskinstance.py:2330} INFO - Executing <Task(PythonOperator): run_duplicate_rows_check> on 2025-05-20 20:02:28.346201+00:00
[2025-05-20T20:02:28.864+0000] {warnings.py:112} WARNING - /home/***/.local/lib/python3.12/site-packages/***/task/task_runner/standard_task_runner.py:62: DeprecationWarning: This process (pid=71) is multi-threaded, use of fork() may lead to deadlocks in the child.
  pid = os.fork()

[2025-05-20T20:02:28.865+0000] {standard_task_runner.py:64} INFO - Started process 72 to run task
[2025-05-20T20:02:28.865+0000] {standard_task_runner.py:90} INFO - Running: ['***', 'tasks', 'run', 'duplicate_check', 'run_duplicate_rows_check', 'duplicate_check__2025-05-20T20:02:28.326938', '--job-id', '65', '--raw', '--subdir', 'DAGS_FOLDER/Duplicate_check.py', '--cfg-path', '/tmp/tmp12_irz5v']
[2025-05-20T20:02:28.867+0000] {standard_task_runner.py:91} INFO - Job 65: Subtask run_duplicate_rows_check
[2025-05-20T20:02:28.909+0000] {task_command.py:426} INFO - Running <TaskInstance: duplicate_check.run_duplicate_rows_check duplicate_check__2025-05-20T20:02:28.326938 [running]> on host 463c46539022
[2025-05-20T20:02:28.990+0000] {taskinstance.py:2648} INFO - Exporting env vars: AIRFLOW_CTX_DAG_OWNER='***' AIRFLOW_CTX_DAG_ID='duplicate_check' AIRFLOW_CTX_TASK_ID='run_duplicate_rows_check' AIRFLOW_CTX_EXECUTION_DATE='2025-05-20T20:02:28.346201+00:00' AIRFLOW_CTX_TRY_NUMBER='1' AIRFLOW_CTX_DAG_RUN_ID='duplicate_check__2025-05-20T20:02:28.326938'
[2025-05-20T20:02:28.991+0000] {taskinstance.py:430} INFO - ::endgroup::
[2025-05-20T20:02:29.003+0000] {taskinstance.py:441} INFO - ::group::Post task execution logs
[2025-05-20T20:02:29.003+0000] {taskinstance.py:2905} ERROR - Task failed with exception
Traceback (most recent call last):
  File "/home/airflow/.local/lib/python3.12/site-packages/airflow/models/taskinstance.py", line 465, in _execute_task
    result = _execute_callable(context=context, **execute_callable_kwargs)
             ^^^^^^^^^^^^^^^^^^^^^^^^^^^^^^^^^^^^^^^^^^^^^^^^^^^^^^^^^^^^^
  File "/home/airflow/.local/lib/python3.12/site-packages/airflow/models/taskinstance.py", line 432, in _execute_callable
    return execute_callable(context=context, **execute_callable_kwargs)
           ^^^^^^^^^^^^^^^^^^^^^^^^^^^^^^^^^^^^^^^^^^^^^^^^^^^^^^^^^^^^
  File "/home/airflow/.local/lib/python3.12/site-packages/airflow/models/baseoperator.py", line 401, in wrapper
    return func(self, *args, **kwargs)
           ^^^^^^^^^^^^^^^^^^^^^^^^^^^
  File "/home/airflow/.local/lib/python3.12/site-packages/airflow/operators/python.py", line 235, in execute
    return_value = self.execute_callable()
                   ^^^^^^^^^^^^^^^^^^^^^^^
  File "/home/airflow/.local/lib/python3.12/site-packages/airflow/operators/python.py", line 252, in execute_callable
    return self.python_callable(*self.op_args, **self.op_kwargs)
           ^^^^^^^^^^^^^^^^^^^^^^^^^^^^^^^^^^^^^^^^^^^^^^^^^^^^^
  File "/opt/airflow/dags/Duplicate_check.py", line 23, in run_duplicate_rows_check
    raise ValueError("Не указаны обязательные параметры: source_table, key_columns")
ValueError: Не указаны обязательные параметры: source_table, key_columns
[2025-05-20T20:02:29.014+0000] {taskinstance.py:1206} INFO - Marking task as FAILED. dag_id=duplicate_check, task_id=run_duplicate_rows_check, run_id=duplicate_check__2025-05-20T20:02:28.326938, execution_date=20250520T200228, start_date=20250520T200228, end_date=20250520T200229
[2025-05-20T20:02:29.028+0000] {standard_task_runner.py:110} ERROR - Failed to execute job 65 for task run_duplicate_rows_check (Не указаны обязательные параметры: source_table, key_columns; 72)
[2025-05-20T20:02:29.039+0000] {local_task_job_runner.py:243} INFO - Task exited with return code 1
[2025-05-20T20:02:29.052+0000] {taskinstance.py:3503} INFO - 0 downstream tasks scheduled from follow-on schedule check
[2025-05-20T20:02:29.056+0000] {local_task_job_runner.py:222} INFO - ::endgroup::
